c:\users\it232310\documents\employmentworks\employmentworks\x64\debug\3dpg.pch
c:\users\it232310\documents\employmentworks\employmentworks\x64\debug\vc143.pdb
c:\users\it232310\documents\employmentworks\employmentworks\x64\debug\vc143.idb
c:\users\it232310\documents\employmentworks\employmentworks\x64\debug\pch.obj
c:\users\it232310\documents\employmentworks\employmentworks\x64\debug\boomerangthrow.obj
c:\users\it232310\documents\employmentworks\employmentworks\x64\debug\boomerangrepelled.obj
c:\users\it232310\documents\employmentworks\employmentworks\x64\debug\boomerangidling.obj
c:\users\it232310\documents\employmentworks\employmentworks\x64\debug\boomeranggetready.obj
c:\users\it232310\documents\employmentworks\employmentworks\x64\debug\boomerangdrop.obj
c:\users\it232310\documents\employmentworks\employmentworks\x64\debug\boomerangorbit.obj
c:\users\it232310\documents\employmentworks\employmentworks\x64\debug\boomerang.obj
c:\users\it232310\documents\employmentworks\employmentworks\x64\debug\lockon.obj
c:\users\it232310\documents\employmentworks\employmentworks\x64\debug\collisionmanager.obj
c:\users\it232310\documents\employmentworks\employmentworks\x64\debug\commonresources.obj
c:\users\it232310\documents\employmentworks\employmentworks\x64\debug\sequencenode.obj
c:\users\it232310\documents\employmentworks\employmentworks\x64\debug\selectornode.obj
c:\users\it232310\documents\employmentworks\employmentworks\x64\debug\root.obj
c:\users\it232310\documents\employmentworks\employmentworks\x64\debug\executionnode.obj
c:\users\it232310\documents\employmentworks\employmentworks\x64\debug\decoratornode.obj
c:\users\it232310\documents\employmentworks\employmentworks\x64\debug\conditions.obj
c:\users\it232310\documents\employmentworks\employmentworks\x64\debug\behaviortree.obj
c:\users\it232310\documents\employmentworks\employmentworks\x64\debug\actionnode.obj
c:\users\it232310\documents\employmentworks\employmentworks\x64\debug\game.obj
c:\users\it232310\documents\employmentworks\employmentworks\x64\debug\deviceresources.obj
c:\users\it232310\documents\employmentworks\employmentworks\x64\debug\gamecameramanager.obj
c:\users\it232310\documents\employmentworks\employmentworks\x64\debug\bounding.obj
c:\users\it232310\documents\employmentworks\employmentworks\x64\debug\binaryfile.obj
c:\users\it232310\documents\employmentworks\employmentworks\x64\debug\debugdraw.obj
c:\users\it232310\documents\employmentworks\employmentworks\x64\debug\ui.obj
c:\users\it232310\documents\employmentworks\employmentworks\x64\debug\timer.obj
c:\users\it232310\documents\employmentworks\employmentworks\x64\debug\titlescene.obj
c:\users\it232310\documents\employmentworks\employmentworks\x64\debug\scenemanager.obj
c:\users\it232310\documents\employmentworks\employmentworks\x64\debug\resultscene.obj
c:\users\it232310\documents\employmentworks\employmentworks\x64\debug\playscene.obj
c:\users\it232310\documents\employmentworks\employmentworks\x64\debug\wall.obj
c:\users\it232310\documents\employmentworks\employmentworks\x64\debug\sky.obj
c:\users\it232310\documents\employmentworks\employmentworks\x64\debug\rock.obj
c:\users\it232310\documents\employmentworks\employmentworks\x64\debug\playerusually.obj
c:\users\it232310\documents\employmentworks\employmentworks\x64\debug\playerblownaway.obj
c:\users\it232310\documents\employmentworks\employmentworks\x64\debug\player.obj
c:\users\it232310\documents\employmentworks\employmentworks\x64\debug\floor.obj
c:\users\it232310\documents\employmentworks\employmentworks\x64\debug\enemy.obj
c:\users\it232310\documents\employmentworks\employmentworks\x64\debug\beammodel.obj
c:\users\it232310\documents\employmentworks\employmentworks\x64\debug\beam.obj
c:\users\it232310\documents\employmentworks\employmentworks\x64\debug\main.obj
c:\users\it232310\documents\employmentworks\employmentworks\x64\debug\userinterface.obj
c:\users\it232310\documents\employmentworks\employmentworks\x64\debug\mouse.obj
c:\users\it232310\documents\employmentworks\employmentworks\x64\debug\judgement.obj
c:\users\it232310\documents\employmentworks\employmentworks\x64\debug\inputmanager.obj
c:\users\it232310\documents\employmentworks\employmentworks\x64\debug\gridfloor.obj
c:\users\it232310\documents\employmentworks\employmentworks\x64\debug\debugstring.obj
c:\users\it232310\documents\employmentworks\employmentworks\x64\debug\debugcamera.obj
c:\users\it232310\documents\employmentworks\employmentworks\x64\debug\csv.obj
c:\users\it232310\documents\employmentworks\employmentworks\x64\debug\collisionmesh.obj
c:\users\it232310\documents\employmentworks\employmentworks\x64\debug\tps_camera.obj
c:\users\it232310\documents\employmentworks\employmentworks\x64\debug\gamestartcamera.obj
c:\users\it232310\documents\employmentworks\employmentworks\x64\debug\gameendcamera.obj
c:\users\it232310\documents\employmentworks\employmentworks\x64\debug\xapobaseredist.pdb
c:\users\it232310\documents\employmentworks\employmentworks\x64\debug\xaudio2_9redist.pdb
c:\users\it232310\documents\employmentworks\employmentworks\x64\debug\xaudio2_9redist.dll
c:\users\it232310\documents\employmentworks\employmentworks\resources\shaders\lockon\lockonuigs.cso
c:\users\it232310\documents\employmentworks\employmentworks\resources\shaders\lockon\lockonuips.cso
c:\users\it232310\documents\employmentworks\employmentworks\resources\shaders\lockon\lockonuivs.cso
c:\users\it232310\documents\employmentworks\employmentworks\resources\shaders\ui\uigs.cso
c:\users\it232310\documents\employmentworks\employmentworks\resources\shaders\ui\uips.cso
c:\users\it232310\documents\employmentworks\employmentworks\resources\shaders\ui\uivs.cso
c:\users\it232310\documents\employmentworks\employmentworks\x64\debug\3dpg.ilk
c:\users\it232310\documents\employmentworks\employmentworks\x64\debug\3dpg.exe
c:\users\it232310\documents\employmentworks\employmentworks\x64\debug\3dpg.pdb
c:\users\it232310\documents\employmentworks\employmentworks\x64\debug\3dpg.lib
c:\users\it232310\documents\employmentworks\employmentworks\x64\debug\3dpg.exp
c:\users\it232310\documents\employmentworks\employmentworks\x64\debug\resource.res
c:\users\it232310\documents\employmentworks\employmentworks\x64\debug\3dpg.exe.embed.manifest.res
c:\users\it232310\documents\employmentworks\employmentworks\x64\debug\3dpg.exe.embed.manifest
c:\users\it232310\documents\employmentworks\employmentworks\x64\debug\3dpg_manifest.rc
c:\users\it232310\documents\employmentworks\employmentworks\x64\debug\3dpg.tlog\cl.command.1.tlog
c:\users\it232310\documents\employmentworks\employmentworks\x64\debug\3dpg.tlog\cl.items.tlog
c:\users\it232310\documents\employmentworks\employmentworks\x64\debug\3dpg.tlog\cl.read.1.tlog
c:\users\it232310\documents\employmentworks\employmentworks\x64\debug\3dpg.tlog\cl.write.1.tlog
c:\users\it232310\documents\employmentworks\employmentworks\x64\debug\3dpg.tlog\copylocal.read.1u.tlog
c:\users\it232310\documents\employmentworks\employmentworks\x64\debug\3dpg.tlog\copylocal.write.1u.tlog
c:\users\it232310\documents\employmentworks\employmentworks\x64\debug\3dpg.tlog\fxc.command.1.tlog
c:\users\it232310\documents\employmentworks\employmentworks\x64\debug\3dpg.tlog\fxc.read.1.tlog
c:\users\it232310\documents\employmentworks\employmentworks\x64\debug\3dpg.tlog\fxc.write.1.tlog
c:\users\it232310\documents\employmentworks\employmentworks\x64\debug\3dpg.tlog\link.command.1.tlog
c:\users\it232310\documents\employmentworks\employmentworks\x64\debug\3dpg.tlog\link.read.1.tlog
c:\users\it232310\documents\employmentworks\employmentworks\x64\debug\3dpg.tlog\link.write.1.tlog
c:\users\it232310\documents\employmentworks\employmentworks\x64\debug\3dpg.tlog\link.write.2u.tlog
c:\users\it232310\documents\employmentworks\employmentworks\x64\debug\3dpg.tlog\rc.command.1.tlog
c:\users\it232310\documents\employmentworks\employmentworks\x64\debug\3dpg.tlog\rc.read.1.tlog
c:\users\it232310\documents\employmentworks\employmentworks\x64\debug\3dpg.tlog\rc.write.1.tlog
