c:\users\it232310\documents\employmentworks\employmentworks\x64\release\3dpg.pch
c:\users\it232310\documents\employmentworks\employmentworks\x64\release\vc143.pdb
c:\users\it232310\documents\employmentworks\employmentworks\x64\release\pch.obj
c:\users\it232310\documents\employmentworks\employmentworks\x64\release\bounding.obj
c:\users\it232310\documents\employmentworks\employmentworks\x64\release\binaryfile.obj
c:\users\it232310\documents\employmentworks\employmentworks\x64\release\debugdraw.obj
c:\users\it232310\documents\employmentworks\employmentworks\x64\release\titlescene.obj
c:\users\it232310\documents\employmentworks\employmentworks\x64\release\scenemanager.obj
c:\users\it232310\documents\employmentworks\employmentworks\x64\release\resultscene.obj
c:\users\it232310\documents\employmentworks\employmentworks\x64\release\playscene.obj
c:\users\it232310\documents\employmentworks\employmentworks\x64\release\wall.obj
c:\users\it232310\documents\employmentworks\employmentworks\x64\release\player.obj
c:\users\it232310\documents\employmentworks\employmentworks\x64\release\floor.obj
c:\users\it232310\documents\employmentworks\employmentworks\x64\release\boomerangthrow.obj
c:\users\it232310\documents\employmentworks\employmentworks\x64\release\boomerangidling.obj
c:\users\it232310\documents\employmentworks\employmentworks\x64\release\boomeranggetready.obj
c:\users\it232310\documents\employmentworks\employmentworks\x64\release\boomerang.obj
c:\users\it232310\documents\employmentworks\employmentworks\x64\release\lockon.obj
c:\users\it232310\documents\employmentworks\employmentworks\x64\release\collisionmanager.obj
c:\users\it232310\documents\employmentworks\employmentworks\x64\release\commonresources.obj
c:\users\it232310\documents\employmentworks\employmentworks\x64\release\game.obj
c:\users\it232310\documents\employmentworks\employmentworks\x64\release\deviceresources.obj
c:\users\it232310\documents\employmentworks\employmentworks\x64\release\main.obj
c:\users\it232310\documents\employmentworks\employmentworks\x64\release\userinterface.obj
c:\users\it232310\documents\employmentworks\employmentworks\x64\release\tps_camera.obj
c:\users\it232310\documents\employmentworks\employmentworks\x64\release\mouse.obj
c:\users\it232310\documents\employmentworks\employmentworks\x64\release\inputmanager.obj
c:\users\it232310\documents\employmentworks\employmentworks\x64\release\gridfloor.obj
c:\users\it232310\documents\employmentworks\employmentworks\x64\release\debugstring.obj
c:\users\it232310\documents\employmentworks\employmentworks\x64\release\debugcamera.obj
c:\users\it232310\documents\employmentworks\employmentworks\x64\release\csv.obj
c:\users\it232310\documents\employmentworks\employmentworks\x64\release\enemymove.obj
c:\users\it232310\documents\employmentworks\employmentworks\x64\release\enemyidling.obj
c:\users\it232310\documents\employmentworks\employmentworks\x64\release\enemyattack.obj
c:\users\it232310\documents\employmentworks\employmentworks\x64\release\enemy.obj
c:\users\it232310\documents\employmentworks\employmentworks\x64\release\timer.obj
c:\users\it232310\documents\employmentworks\employmentworks\x64\release\xapobaseredist.pdb
c:\users\it232310\documents\employmentworks\employmentworks\x64\release\xaudio2_9redist.pdb
c:\users\it232310\documents\employmentworks\employmentworks\x64\release\xaudio2_9redist.dll
c:\users\it232310\documents\employmentworks\employmentworks\resources\shaders\lockon\lockonuigs.cso
c:\users\it232310\documents\employmentworks\employmentworks\resources\shaders\lockon\lockonuips.cso
c:\users\it232310\documents\employmentworks\employmentworks\resources\shaders\lockon\lockonuivs.cso
c:\users\it232310\documents\employmentworks\employmentworks\x64\release\3dpg.lib
c:\users\it232310\documents\employmentworks\employmentworks\x64\release\3dpg.exp
c:\users\it232310\documents\employmentworks\employmentworks\x64\release\3dpg.ipdb
c:\users\it232310\documents\employmentworks\employmentworks\x64\release\3dpg.iobj
c:\users\it232310\documents\employmentworks\employmentworks\x64\release\3dpg.exe
c:\users\it232310\documents\employmentworks\employmentworks\x64\release\3dpg.pdb
c:\users\it232310\documents\employmentworks\employmentworks\x64\release\resource.res
c:\users\it232310\documents\employmentworks\employmentworks\x64\release\3dpg.tlog\cl.command.1.tlog
c:\users\it232310\documents\employmentworks\employmentworks\x64\release\3dpg.tlog\cl.items.tlog
c:\users\it232310\documents\employmentworks\employmentworks\x64\release\3dpg.tlog\cl.read.1.tlog
c:\users\it232310\documents\employmentworks\employmentworks\x64\release\3dpg.tlog\cl.write.1.tlog
c:\users\it232310\documents\employmentworks\employmentworks\x64\release\3dpg.tlog\copylocal.read.1u.tlog
c:\users\it232310\documents\employmentworks\employmentworks\x64\release\3dpg.tlog\copylocal.write.1u.tlog
c:\users\it232310\documents\employmentworks\employmentworks\x64\release\3dpg.tlog\fxc.command.1.tlog
c:\users\it232310\documents\employmentworks\employmentworks\x64\release\3dpg.tlog\fxc.read.1.tlog
c:\users\it232310\documents\employmentworks\employmentworks\x64\release\3dpg.tlog\fxc.write.1.tlog
c:\users\it232310\documents\employmentworks\employmentworks\x64\release\3dpg.tlog\link.command.1.tlog
c:\users\it232310\documents\employmentworks\employmentworks\x64\release\3dpg.tlog\link.read.1.tlog
c:\users\it232310\documents\employmentworks\employmentworks\x64\release\3dpg.tlog\link.write.1.tlog
c:\users\it232310\documents\employmentworks\employmentworks\x64\release\3dpg.tlog\link.write.2u.tlog
c:\users\it232310\documents\employmentworks\employmentworks\x64\release\3dpg.tlog\rc.command.1.tlog
c:\users\it232310\documents\employmentworks\employmentworks\x64\release\3dpg.tlog\rc.read.1.tlog
c:\users\it232310\documents\employmentworks\employmentworks\x64\release\3dpg.tlog\rc.write.1.tlog
