  CollisionManager.cpp
  Boomerang.cpp
C:\Users\it232310\Documents\EmploymentWorks\EmploymentWorks\Game\Object\Boomerang\Boomerang.cpp(189,68): warning C4100: 'pos': 引数は関数の本体部で 1 度も参照されません。
  BossEnemyTorso.cpp
C:\Users\it232310\Documents\EmploymentWorks\EmploymentWorks\Game\Object\Enemy\BossEnemy\BossEnemyTorso.cpp(12,67): warning C4100: 'collsionManager': 引数は関数の本体部で 1 度も参照されません。
C:\Users\it232310\Documents\EmploymentWorks\EmploymentWorks\Game\Object\Enemy\BossEnemy\BossEnemyTorso.cpp(16,99): warning C4100: 'Pos': 引数は関数の本体部で 1 度も参照されません。
C:\Users\it232310\Documents\EmploymentWorks\EmploymentWorks\Game\Object\Enemy\BossEnemy\BossEnemyTorso.cpp(16,58): warning C4100: 'PartnerTag': 引数は関数の本体部で 1 度も参照されません。
  Enemy.cpp
C:\Users\it232310\Documents\EmploymentWorks\EmploymentWorks\Game\Object\Enemy\Enemy.cpp(78,7): warning C4189: 'device': ローカル変数が初期化されましたが、参照されていません
C:\Users\it232310\Documents\EmploymentWorks\EmploymentWorks\Game\Object\Enemy\Enemy.cpp(198,7): warning C4189: 'context': ローカル変数が初期化されましたが、参照されていません
C:\Users\it232310\Documents\EmploymentWorks\EmploymentWorks\Game\Object\Enemy\Enemy.cpp(199,7): warning C4189: 'states': ローカル変数が初期化されましたが、参照されていません
  Player.cpp
  PlayScene.cpp
C:\Users\it232310\Documents\EmploymentWorks\EmploymentWorks\Game\Scene\PlayScene.cpp(185,8): warning C4189: 'height': ローカル変数が初期化されましたが、参照されていません
     ライブラリ C:\Users\it232310\Documents\EmploymentWorks\EmploymentWorks\x64\Release\3DPG.lib とオブジェクト C:\Users\it232310\Documents\EmploymentWorks\EmploymentWorks\x64\Release\3DPG.exp を作成中
  コード生成しています。
  4 of 5458 functions (<0.1%) were compiled, the rest were copied from previous compilation.
    0 functions were new in current compilation
    44 functions had inline decision re-evaluated but remain unchanged
  コード生成が終了しました。
  3DPG.vcxproj -> C:\Users\it232310\Documents\EmploymentWorks\EmploymentWorks\x64\Release\3DPG.exe
